<?xml version="1.0" encoding="UTF-8"?>
<testng-results skipped="0" failed="0" ignored="0" total="2" passed="2">
  <reporter-output>
  </reporter-output>
  <suite name="Suite" duration-ms="80" started-at="2020-06-13T21:04:42Z" finished-at="2020-06-13T21:04:43Z">
    <groups>
    </groups>
    <test name="Test" duration-ms="80" started-at="2020-06-13T21:04:42Z" finished-at="2020-06-13T21:04:43Z">
      <class name="PracticeMavenProject.ForJenkins.ClassB">
        <test-method status="PASS" signature="tc2()[pri:0, instance:PracticeMavenProject.ForJenkins.ClassB@534df152]" name="tc2" duration-ms="2" started-at="2020-06-14T02:34:43Z" finished-at="2020-06-14T02:34:43Z">
          <reporter-output>
          </reporter-output>
        </test-method> <!-- tc2 -->
      </class> <!-- PracticeMavenProject.ForJenkins.ClassB -->
      <class name="PracticeMavenProject.ForJenkins.ClassA">
        <test-method status="PASS" signature="tc1()[pri:0, instance:PracticeMavenProject.ForJenkins.ClassA@589b3632]" name="tc1" duration-ms="10" started-at="2020-06-14T02:34:43Z" finished-at="2020-06-14T02:34:43Z">
          <reporter-output>
          </reporter-output>
        </test-method> <!-- tc1 -->
      </class> <!-- PracticeMavenProject.ForJenkins.ClassA -->
    </test> <!-- Test -->
  </suite> <!-- Suite -->
</testng-results>
